#
# There is insufficient memory for the Java Runtime Environment to continue.
# Native memory allocation (mmap) failed to map 264241152 bytes. Error detail: G1 virtual space
# Possible reasons:
#   The system is out of physical RAM or swap space
#   This process is running with CompressedOops enabled, and the Java Heap may be blocking the growth of the native heap
# Possible solutions:
#   Reduce memory load on the system
#   Increase physical memory or swap space
#   Check if swap backing store is full
#   Decrease Java heap size (-Xmx/-Xms)
#   Decrease number of Java threads
#   Decrease Java thread stack sizes (-Xss)
#   Set larger code cache with -XX:ReservedCodeCacheSize=
#   JVM is running with Zero Based Compressed Oops mode in which the Java heap is
#     placed in the first 32GB address space. The Java Heap base address is the
#     maximum limit for the native heap growth. Please use -XX:HeapBaseMinAddress
#     to set the Java Heap base and to place the Java Heap above 32GB virtual address.
# This output file may be truncated or incomplete.
#
#  Out of Memory Error (os_windows.cpp:3631), pid=20372, tid=23932
#
# JRE version:  (22.0.2+9) (build )
# Java VM: OpenJDK 64-Bit Server VM (22.0.2+9, mixed mode, sharing, tiered, compressed oops, compressed class ptrs, g1 gc, windows-amd64)
# No core dump will be written. Minidumps are not enabled by default on client versions of Windows
#

---------------  S U M M A R Y ------------

Command Line: -Dfile.encoding=UTF-8 -Dstdout.encoding=UTF-8 -Dstderr.encoding=UTF-8 -XX:+ShowCodeDetailsInExceptionMessages gui.app.Main

Host: 12th Gen Intel(R) Core(TM) i7-1260P, 16 cores, 15G,  Windows 11 , 64 bit Build 22621 (10.0.22621.3958)
Time: Thu Nov 14 14:56:31 2024 SE Asia Standard Time elapsed time: 0.030649 seconds (0d 0h 0m 0s)

---------------  T H R E A D  ---------------

Current thread (0x00000190aedb5250):  JavaThread "Unknown thread" [_thread_in_vm, id=23932, stack(0x0000008d47100000,0x0000008d47200000) (1024K)]

Stack: [0x0000008d47100000,0x0000008d47200000]
Native frames: (J=compiled Java code, j=interpreted, Vv=VM code, C=native code)
V  [jvm.dll+0x6ea6a9]  (no source info available)
V  [jvm.dll+0x8cdbf3]  (no source info available)
V  [jvm.dll+0x8d001e]  (no source info available)
V  [jvm.dll+0x8d06f3]  (no source info available)
V  [jvm.dll+0x286dc6]  (no source info available)
V  [jvm.dll+0x6e6d35]  (no source info available)
V  [jvm.dll+0x6db9ba]  (no source info available)
V  [jvm.dll+0x36037a]  (no source info available)
V  [jvm.dll+0x368846]  (no source info available)
V  [jvm.dll+0x3ba7be]  (no source info available)
V  [jvm.dll+0x3baa68]  (no source info available)
V  [jvm.dll+0x333d1c]  (no source info available)
V  [jvm.dll+0x334988]  (no source info available)
V  [jvm.dll+0x895adc]  (no source info available)
V  [jvm.dll+0x3c78a1]  (no source info available)
V  [jvm.dll+0x87e75c]  (no source info available)
V  [jvm.dll+0x4612ae]  (no source info available)
V  [jvm.dll+0x4630c1]  (no source info available)
C  [jli.dll+0x5278]  (no source info available)
C  [ucrtbase.dll+0x29333]  (no source info available)
C  [KERNEL32.DLL+0x1257d]  (no source info available)
C  [ntdll.dll+0x5af08]  (no source info available)


---------------  P R O C E S S  ---------------

Threads class SMR info:
_java_thread_list=0x00007ff81c3dd688, length=0, elements={
}

Java Threads: ( => current thread )
Total: 0

Other Threads:
  0x00000190aee1c980 WorkerThread "GC Thread#0"                     [id=11580, stack(0x0000008d47200000,0x0000008d47300000) (1024K)]
  0x00000190aee6b7b0 ConcurrentGCThread "G1 Main Marker"            [id=22652, stack(0x0000008d47300000,0x0000008d47400000) (1024K)]
  0x00000190aee6c1d0 WorkerThread "G1 Conc#0"                       [id=23880, stack(0x0000008d47400000,0x0000008d47500000) (1024K)]

[error occurred during error reporting (printing all threads), id 0xc0000005, EXCEPTION_ACCESS_VIOLATION (0xc0000005) at pc=0x00007ff81bac6cd7]
VM state: not at safepoint (not fully initialized)

VM Mutex/Monitor currently owned by a thread:  ([mutex/lock_event])
[0x00007ff81c461080] Heap_lock - owner thread: 0x00000190aedb5250

Heap address: 0x0000000705200000, size: 4014 MB, Compressed Oops mode: Zero based, Oop shift amount: 3

CDS archive(s) mapped at: [0x0000000000000000-0x0000000000000000-0x0000000000000000), size 0, SharedBaseAddress: 0x0000000800000000, ArchiveRelocationMode: 1.
Narrow klass base: 0x0000000000000000, Narrow klass shift: 0, Narrow klass range: 0x0

GC Precious Log:
 CardTable entry size: 512
 Card Set container configuration: InlinePtr #cards 4 size 8 Array Of Cards #cards 16 size 48 Howl #buckets 8 coarsen threshold 3686 Howl Bitmap #cards 512 size 80 coarsen threshold 460 Card regions per heap region 1 cards per card region 4096

Heap:
 garbage-first heap   total reserved 4110336K, committed 0K, used 0K [0x0000000705200000, 0x0000000800000000)
  region size 2048K, 0 young (0K), 0 survivors (0K)

[error occurred during error reporting (printing heap information), id 0xc0000005, EXCEPTION_ACCESS_VIOLATION (0xc0000005) at pc=0x00007ff81bec7269]
GC Heap History (0 events):
No events

Dll operation events (1 events):
Event: 0.005 Loaded shared library C:\Users\HP\.p2\pool\plugins\org.eclipse.justj.openjdk.hotspot.jre.full.win32.x86_64_22.0.2.v20240802-1626\jre\bin\java.dll

Deoptimization events (0 events):
No events

Classes loaded (0 events):
No events

Classes unloaded (0 events):
No events

Classes redefined (0 events):
No events

Internal exceptions (0 events):
No events

ZGC Phase Switch (0 events):
No events

VM Operations (0 events):
No events

Memory protections (0 events):
No events

Nmethod flushes (0 events):
No events

Events (0 events):
No events


Dynamic libraries:
0x00007ff781e80000 - 0x00007ff781e8e000 	C:\Users\HP\.p2\pool\plugins\org.eclipse.justj.openjdk.hotspot.jre.full.win32.x86_64_22.0.2.v20240802-1626\jre\bin\javaw.exe
0x00007ff89a530000 - 0x00007ff89a747000 	C:\windows\SYSTEM32\ntdll.dll
0x00007ff898cd0000 - 0x00007ff898d94000 	C:\windows\System32\KERNEL32.DLL
0x00007ff897bf0000 - 0x00007ff897fa7000 	C:\windows\System32\KERNELBASE.dll
0x00007ff8978e0000 - 0x00007ff8979f1000 	C:\windows\System32\ucrtbase.dll
0x00007ff8644b0000 - 0x00007ff8644c7000 	C:\Users\HP\.p2\pool\plugins\org.eclipse.justj.openjdk.hotspot.jre.full.win32.x86_64_22.0.2.v20240802-1626\jre\bin\jli.dll
0x00007ff8993b0000 - 0x00007ff89955f000 	C:\windows\System32\USER32.dll
0x00007ff864490000 - 0x00007ff8644ab000 	C:\Users\HP\.p2\pool\plugins\org.eclipse.justj.openjdk.hotspot.jre.full.win32.x86_64_22.0.2.v20240802-1626\jre\bin\VCRUNTIME140.dll
0x00007ff897b90000 - 0x00007ff897bb6000 	C:\windows\System32\win32u.dll
0x00007ff86acf0000 - 0x00007ff86af83000 	C:\windows\WinSxS\amd64_microsoft.windows.common-controls_6595b64144ccf1df_6.0.22621.3672_none_2713b9d173822955\COMCTL32.dll
0x00007ff899220000 - 0x00007ff899249000 	C:\windows\System32\GDI32.dll
0x00007ff898b40000 - 0x00007ff898be7000 	C:\windows\System32\msvcrt.dll
0x00007ff897a00000 - 0x00007ff897b18000 	C:\windows\System32\gdi32full.dll
0x00007ff897840000 - 0x00007ff8978da000 	C:\windows\System32\msvcp_win.dll
0x00007ff899f20000 - 0x00007ff899f51000 	C:\windows\System32\IMM32.DLL
0x00007ff884460000 - 0x00007ff88446c000 	C:\Users\HP\.p2\pool\plugins\org.eclipse.justj.openjdk.hotspot.jre.full.win32.x86_64_22.0.2.v20240802-1626\jre\bin\vcruntime140_1.dll
0x00007ff864400000 - 0x00007ff86448e000 	C:\Users\HP\.p2\pool\plugins\org.eclipse.justj.openjdk.hotspot.jre.full.win32.x86_64_22.0.2.v20240802-1626\jre\bin\msvcp140.dll
0x00007ff81b780000 - 0x00007ff81c543000 	C:\Users\HP\.p2\pool\plugins\org.eclipse.justj.openjdk.hotspot.jre.full.win32.x86_64_22.0.2.v20240802-1626\jre\bin\server\jvm.dll
0x00007ff898c10000 - 0x00007ff898cc2000 	C:\windows\System32\ADVAPI32.dll
0x00007ff89a280000 - 0x00007ff89a328000 	C:\windows\System32\sechost.dll
0x00007ff897bc0000 - 0x00007ff897be8000 	C:\windows\System32\bcrypt.dll
0x00007ff89a160000 - 0x00007ff89a274000 	C:\windows\System32\RPCRT4.dll
0x00007ff898520000 - 0x00007ff898591000 	C:\windows\System32\WS2_32.dll
0x00007ff897660000 - 0x00007ff8976ad000 	C:\windows\SYSTEM32\POWRPROF.dll
0x00007ff88f430000 - 0x00007ff88f43a000 	C:\windows\SYSTEM32\VERSION.dll
0x00007ff88be00000 - 0x00007ff88be34000 	C:\windows\SYSTEM32\WINMM.dll
0x00007ff897540000 - 0x00007ff897553000 	C:\windows\SYSTEM32\UMPDC.dll
0x00007ff896850000 - 0x00007ff896868000 	C:\windows\SYSTEM32\kernel.appcore.dll
0x00007ff890c20000 - 0x00007ff890c2a000 	C:\Users\HP\.p2\pool\plugins\org.eclipse.justj.openjdk.hotspot.jre.full.win32.x86_64_22.0.2.v20240802-1626\jre\bin\jimage.dll
0x00007ff894e90000 - 0x00007ff8950c2000 	C:\windows\SYSTEM32\DBGHELP.DLL
0x00007ff8985a0000 - 0x00007ff89892e000 	C:\windows\System32\combase.dll
0x00007ff899e30000 - 0x00007ff899f07000 	C:\windows\System32\OLEAUT32.dll
0x00007ff893f50000 - 0x00007ff893f82000 	C:\windows\SYSTEM32\dbgcore.DLL
0x00007ff898120000 - 0x00007ff89819b000 	C:\windows\System32\bcryptPrimitives.dll
0x00007ff87c460000 - 0x00007ff87c47e000 	C:\Users\HP\.p2\pool\plugins\org.eclipse.justj.openjdk.hotspot.jre.full.win32.x86_64_22.0.2.v20240802-1626\jre\bin\java.dll
0x00007ff8995c0000 - 0x00007ff899e29000 	C:\windows\System32\SHELL32.dll
0x00007ff8982f0000 - 0x00007ff898495000 	C:\windows\System32\ole32.dll

dbghelp: loaded successfully - version: 4.0.5 - missing functions: none
symbol engine: initialized successfully - sym options: 0x614 - pdb path: .;C:\Users\HP\.p2\pool\plugins\org.eclipse.justj.openjdk.hotspot.jre.full.win32.x86_64_22.0.2.v20240802-1626\jre\bin;C:\windows\SYSTEM32;C:\windows\WinSxS\amd64_microsoft.windows.common-controls_6595b64144ccf1df_6.0.22621.3672_none_2713b9d173822955;C:\Users\HP\.p2\pool\plugins\org.eclipse.justj.openjdk.hotspot.jre.full.win32.x86_64_22.0.2.v20240802-1626\jre\bin\server

VM Arguments:
jvm_args: -Dfile.encoding=UTF-8 -Dstdout.encoding=UTF-8 -Dstderr.encoding=UTF-8 -XX:+ShowCodeDetailsInExceptionMessages 
java_command: gui.app.Main
java_class_path (initial): D:\Dai_hoc\Cac_mon_hoc\Ky_5\Lap_trinh_huong_su_kien_Java\QuanLyBanVeXemPhim\QuanLyBanVeXemPhim\bin;D:\Dai_hoc\Cac_mon_hoc\Ky_5\Lap_trinh_huong_su_kien_Java\QuanLyBanVeXemPhim\QuanLyBanVeXemPhim\libs\flatlaf-3.2.jar;D:\Dai_hoc\Cac_mon_hoc\Ky_5\Lap_trinh_huong_su_kien_Java\QuanLyBanVeXemPhim\QuanLyBanVeXemPhim\libs\flatlaf-extras-3.2.jar;D:\Dai_hoc\Cac_mon_hoc\Ky_5\Lap_trinh_huong_su_kien_Java\QuanLyBanVeXemPhim\QuanLyBanVeXemPhim\libs\flatlaf-fonts-roboto-2.137.jar;D:\Dai_hoc\Cac_mon_hoc\Ky_5\Lap_trinh_huong_su_kien_Java\QuanLyBanVeXemPhim\QuanLyBanVeXemPhim\libs\sqljdbc42.jar;D:\Dai_hoc\Cac_mon_hoc\Ky_5\Lap_trinh_huong_su_kien_Java\QuanLyBanVeXemPhim\QuanLyBanVeXemPhim\libs\jsvg-1.2.0.jar;D:\Dai_hoc\Cac_mon_hoc\Ky_5\Lap_trinh_huong_su_kien_Java\QuanLyBanVeXemPhim\QuanLyBanVeXemPhim\libs\miglayout-core.jar;D:\Dai_hoc\Cac_mon_hoc\Ky_5\Lap_trinh_huong_su_kien_Java\QuanLyBanVeXemPhim\QuanLyBanVeXemPhim\libs\miglayout-swing-11.3.jar;D:\Dai_hoc\Cac_mon_hoc\Ky_5\Lap_trinh_huong_su_kien_Java\QuanLyBanVeXemPhim\QuanLyBanVeXemPhim\libs\date-picker.jar;D:\Dai_hoc\Cac_mon_hoc\Ky_5\Lap_trinh_huong_su_kien_Java\QuanLyBanVeXemPhim\QuanLyBanVeXemPhim\libs\material-ui-swing-1.1.2-rc1-with-dependencies.jar;D:\Dai_hoc\Cac_mon_hoc\Ky_5\Lap_trinh_huong_su_kien_Java\QuanLyBanVeXemPhim\QuanLyBanVeXemPhim\libs\jcommon-1.0.24.jar;D:\Dai_hoc\Cac_mon_hoc\Ky_5\Lap_trinh_huong_su_kien_Java\QuanLyBanVeXemPhim\QuanLyBanVeXemPhim\libs\jfreechart-1.5.3.jar;D:\Dai_hoc\Cac_mon_hoc\Ky_5\Lap_trinh_huong_su_kien_Java\QuanLyBanVeXemPhim\QuanLyBanVeXemPhim\libs\swing-time-picker.jar;D:\Dai_hoc\Cac_mon_hoc\Ky_5\Lap_trinh_huong_su_kien_Java\QuanLyBanVeXemPhim\QuanLyBanVeXemPhim\libs\TimingFramework-0.55.jar;D:\Dai_hoc\Cac_mon_hoc\Ky_5\Lap_trinh_huong_su_kien_Java\QuanLyBanVeXemPhim\QuanLyBanVeXemPhim\libs\jBCrypt-0.4.1.jar;D:\Dai_hoc\Cac_mon_hoc\Ky_5\Lap_trinh_huong_su_kien_Java\QuanLyBanVeXemPhim\QuanLyBanVeXemPhim\libs\swing-blur-background-1.1.0.jar;D:\Dai_hoc\Cac_mon_hoc\Ky_5\Lap_trinh_huong_su_kien_Java\QuanLyBanVeXemPhim\QuanLyBanVeXemPhim\libs\swing-toast-notifications-1.0.1.jar;D:\Dai_hoc\Cac_mon_hoc\Ky_5\Lap_trinh_huong_su_kien_Java\QuanLyBanVeXemPhim\QuanLyBanVeXemPhim\libs\DateChooser.jar;D:\Dai_hoc\Cac_mon_hoc\Ky_5\Lap_trinh_huong_su_kien_Java\QuanLyBanVeXemPhim\QuanLyBanVeXemPhim\libs\jcalendar-1.4.jar;D:\Dai_hoc\Cac_mon_hoc\Ky_5\Lap_trinh_huong_su_kien_Java\QuanLyBanVeXemPhim\QuanLyBanVeXemPhim\libs\itextpdf-5.5.12.jar;D:\Dai_hoc\Cac_mon_hoc\Ky_5\Lap_trinh_huong_su_kien_Java\QuanLyBanVeXemPhim\QuanLyBanVeXemPhim\libs\core-3.5.3.jar;D:\Dai_hoc\Cac_mon_hoc\Ky_5\Lap_trinh_huong_su_kien_Java\QuanLyBanVeXemPhim\QuanLyBanVeXemPhim\libs\javase-3.5.3.jar
Launcher Type: SUN_STANDARD

[Global flags]
     intx CICompilerCount                          = 12                                        {product} {ergonomic}
     uint ConcGCThreads                            = 3                                         {product} {ergonomic}
     uint G1ConcRefinementThreads                  = 13                                        {product} {ergonomic}
   size_t G1HeapRegionSize                         = 2097152                                   {product} {ergonomic}
   size_t InitialHeapSize                          = 264241152                                 {product} {ergonomic}
   size_t MarkStackSize                            = 4194304                                   {product} {ergonomic}
   size_t MaxHeapSize                              = 4208984064                                {product} {ergonomic}
   size_t MinHeapDeltaBytes                        = 2097152                                   {product} {ergonomic}
   size_t MinHeapSize                              = 8388608                                   {product} {ergonomic}
    uintx NonNMethodCodeHeapSize                   = 7602480                                {pd product} {ergonomic}
    uintx NonProfiledCodeHeapSize                  = 122027880                              {pd product} {ergonomic}
    uintx ProfiledCodeHeapSize                     = 122027880                              {pd product} {ergonomic}
    uintx ReservedCodeCacheSize                    = 251658240                              {pd product} {ergonomic}
     bool SegmentedCodeCache                       = true                                      {product} {ergonomic}
     bool ShowCodeDetailsInExceptionMessages       = true                                   {manageable} {command line}
   size_t SoftMaxHeapSize                          = 4208984064                             {manageable} {ergonomic}
     bool UseCompressedOops                        = true                           {product lp64_product} {ergonomic}
     bool UseG1GC                                  = true                                      {product} {ergonomic}
     bool UseLargePagesIndividualAllocation        = false                                  {pd product} {ergonomic}

Logging:
Log output configuration:
 #0: stdout all=warning uptime,level,tags foldmultilines=false
 #1: stderr all=off uptime,level,tags foldmultilines=false

Environment Variables:
PATH=C:/Users/HP/.p2/pool/plugins/org.eclipse.justj.openjdk.hotspot.jre.full.win32.x86_64_22.0.2.v20240802-1626/jre/bin/server;C:/Users/HP/.p2/pool/plugins/org.eclipse.justj.openjdk.hotspot.jre.full.win32.x86_64_22.0.2.v20240802-1626/jre/bin;C:\Program Files\Microsoft MPI\Bin\;C:\Program Files (x86)\Common Files\Intel\Shared Files\cpp\bin\Intel64;C:\windows\system32;C:\windows;C:\windows\System32\Wbem;C:\windows\System32\WindowsPowerShell\v1.0\;C:\windows\System32\OpenSSH\;C:\Program Files\HP\HP One Agent;C:\Program Files\MongoDB\Server\6.0\bin;C:\Program Files\MongoDB\Tools\100\bin;C:\Program Files\nodejs\;C:\Program Files\Git\cmd;C:\Program Files\Docker\Docker\resources\bin;C:\Program Files (x86)\Microsoft SQL Server\160\DTS\Binn\;C:\Program Files (x86)\Microsoft SQL Server\150\Tools\Binn\;C:\Program Files\Microsoft SQL Server\150\Tools\Binn\;C:\Program Files (x86)\Microsoft SQL Server\150\DTS\Binn\;C:\Program Files\Microsoft SQL Server\150\DTS\Binn\;C:\Program Files\Microsoft SQL Server\Client SDK\ODBC\170\Tools\Binn\;D:\Dai_hoc\temp\ffmpeg-2024-11-06-git-4047b887fc-full_build\ffmpeg-2024-11-06-git-4047b887fc-full_build\bin;D:\Dai_hoc\App\python\Scripts\;D:\Dai_hoc\App\python\;D:\Dai_hoc\App\python\python3.10\;D:\Dai_hoc\App\python\python3.10\Scripts\;D:\Dai_hoc\App\python3.8.8\Scripts\;D:\Dai_hoc\App\python3.8.8\;D:\Dai_hoc\App\python\python3.8\Scripts\;D:\Dai_hoc\App\python\python3.8\;D:\Dai_hoc\App\Scripts\;D:\Dai_hoc\App\;C:\Users\HP\Scripts\;C:\Users\HP\;C:\Users\HP\AppData\Local\Programs\Python\Python310\Scripts\;C:\Users\HP\AppData\Local\Programs\Python\Python310\;C:\Users\HP\AppData\Local\Programs\Python\Python312\Scripts\;C:\Users\HP\AppData\Local\Programs\Python\Python312\;C:\Users\HP\AppData\Local\Programs\Python\Launcher\;C:\Users\HP\AppData\Local\Microsoft\WindowsApps;C:\Users\HP\AppData\Local\Programs\Microsoft VS Code\bin;C:\Users\HP\AppData\Roaming\npm;C:\Program Files\JetBrains\IntelliJ IDEA 2024.1.4\bin;;D:\Dai_hoc\App\python\python3.10;D:\Dai_hoc\App\PyCharm 2024.1.3\bin;;C:\Program Files\Azure Data Studio\bin;D:\Dai_hoc\App\python\python3.10\;;C:\windows\system32;
USERNAME=HP
OS=Windows_NT
PROCESSOR_IDENTIFIER=Intel64 Family 6 Model 154 Stepping 3, GenuineIntel
TMP=C:\Users\HP\AppData\Local\Temp
TEMP=C:\Users\HP\AppData\Local\Temp




Periodic native trim disabled

---------------  S Y S T E M  ---------------

OS:
 Windows 11 , 64 bit Build 22621 (10.0.22621.3958)
OS uptime: 0 days 7:11 hours
Hyper-V role detected

CPU: total 16 (initial active 16) (8 cores per cpu, 2 threads per core) family 6 model 154 stepping 3 microcode 0x42c, cx8, cmov, fxsr, ht, mmx, 3dnowpref, sse, sse2, sse3, ssse3, sse4.1, sse4.2, popcnt, lzcnt, tsc, tscinvbit, avx, avx2, aes, erms, clmul, bmi1, bmi2, adx, sha, fma, vzeroupper, clflush, clflushopt, clwb, hv, serialize, rdtscp, rdpid, fsrm, f16c, cet_ibt, cet_ss
Processor Information for processor 0
  Max Mhz: 2100, Current Mhz: 2100, Mhz Limit: 2100
Processor Information for processor 1
  Max Mhz: 2100, Current Mhz: 1453, Mhz Limit: 2100
Processor Information for processor 2
  Max Mhz: 2100, Current Mhz: 2100, Mhz Limit: 2100
Processor Information for processor 3
  Max Mhz: 2100, Current Mhz: 1453, Mhz Limit: 2100
Processor Information for processor 4
  Max Mhz: 2100, Current Mhz: 2100, Mhz Limit: 2100
Processor Information for processor 5
  Max Mhz: 2100, Current Mhz: 1453, Mhz Limit: 2100
Processor Information for processor 6
  Max Mhz: 2100, Current Mhz: 1453, Mhz Limit: 2100
Processor Information for processor 7
  Max Mhz: 2100, Current Mhz: 2100, Mhz Limit: 2100
Processor Information for processor 8
  Max Mhz: 2100, Current Mhz: 1500, Mhz Limit: 1491
Processor Information for processor 9
  Max Mhz: 2100, Current Mhz: 1500, Mhz Limit: 1491
Processor Information for processor 10
  Max Mhz: 2100, Current Mhz: 1500, Mhz Limit: 1491
Processor Information for processor 11
  Max Mhz: 2100, Current Mhz: 1500, Mhz Limit: 1491
Processor Information for processor 12
  Max Mhz: 2100, Current Mhz: 1500, Mhz Limit: 1491
Processor Information for processor 13
  Max Mhz: 2100, Current Mhz: 1500, Mhz Limit: 1491
Processor Information for processor 14
  Max Mhz: 2100, Current Mhz: 1500, Mhz Limit: 1491
Processor Information for processor 15
  Max Mhz: 2100, Current Mhz: 1500, Mhz Limit: 1491

Memory: 4k page, system-wide physical 16052M (2294M free)
TotalPageFile size 23993M (AvailPageFile size 127M)
current process WorkingSet (physical memory assigned to process): 12M, peak: 12M
current process commit charge ("private bytes"): 71M, peak: 323M

vm_info: OpenJDK 64-Bit Server VM (22.0.2+9) for windows-amd64 JRE (22.0.2+9), built on 2024-07-16T00:00:00Z by "admin" with MS VC++ 17.7 (VS2022)

END.
